{"C:\\Users\\aesof\\Medieinstitutet\\04-Devops och testning\\Devops-Grupparbete-7\\scripts\\meeting-logic.js": {"path":"C:\\Users\\aesof\\Medieinstitutet\\04-Devops och testning\\Devops-Grupparbete-7\\scripts\\meeting-logic.js","statementMap":{"0":{"start":{"line":1,"column":23},"end":{"line":1,"column":71}},"1":{"start":{"line":2,"column":25},"end":{"line":2,"column":67}},"2":{"start":{"line":6,"column":21},"end":{"line":8,"column":5}},"3":{"start":{"line":9,"column":4},"end":{"line":9,"column":55}},"4":{"start":{"line":9,"column":22},"end":{"line":9,"column":55}},"5":{"start":{"line":10,"column":4},"end":{"line":10,"column":27}},"6":{"start":{"line":15,"column":21},"end":{"line":17,"column":5}},"7":{"start":{"line":18,"column":4},"end":{"line":18,"column":55}},"8":{"start":{"line":18,"column":22},"end":{"line":18,"column":55}},"9":{"start":{"line":19,"column":4},"end":{"line":19,"column":27}},"10":{"start":{"line":24,"column":21},"end":{"line":33,"column":6}},"11":{"start":{"line":34,"column":4},"end":{"line":34,"column":27}},"12":{"start":{"line":39,"column":21},"end":{"line":48,"column":5}},"13":{"start":{"line":49,"column":4},"end":{"line":49,"column":45}},"14":{"start":{"line":49,"column":39},"end":{"line":49,"column":43}},"15":{"start":{"line":54,"column":4},"end":{"line":54,"column":61}},"16":{"start":{"line":54,"column":34},"end":{"line":54,"column":59}},"17":{"start":{"line":59,"column":4},"end":{"line":62,"column":36}}},"fnMap":{"0":{"name":"getMeeting","decl":{"start":{"line":5,"column":22},"end":{"line":5,"column":32}},"loc":{"start":{"line":5,"column":44},"end":{"line":11,"column":1}},"line":5},"1":{"name":"getParticipantData","decl":{"start":{"line":14,"column":22},"end":{"line":14,"column":40}},"loc":{"start":{"line":14,"column":52},"end":{"line":20,"column":1}},"line":14},"2":{"name":"addParticipantToApi","decl":{"start":{"line":23,"column":22},"end":{"line":23,"column":41}},"loc":{"start":{"line":23,"column":61},"end":{"line":35,"column":1}},"line":23},"3":{"name":"deleteParticipantFromApi","decl":{"start":{"line":38,"column":22},"end":{"line":38,"column":46}},"loc":{"start":{"line":38,"column":66},"end":{"line":50,"column":1}},"line":38},"4":{"name":"(anonymous_4)","decl":{"start":{"line":49,"column":33},"end":{"line":49,"column":34}},"loc":{"start":{"line":49,"column":39},"end":{"line":49,"column":43}},"line":49},"5":{"name":"isUserSignedUp","decl":{"start":{"line":53,"column":16},"end":{"line":53,"column":30}},"loc":{"start":{"line":53,"column":58},"end":{"line":55,"column":1}},"line":53},"6":{"name":"(anonymous_6)","decl":{"start":{"line":54,"column":29},"end":{"line":54,"column":30}},"loc":{"start":{"line":54,"column":34},"end":{"line":54,"column":59}},"line":54},"7":{"name":"formatMeetingDate","decl":{"start":{"line":58,"column":16},"end":{"line":58,"column":33}},"loc":{"start":{"line":58,"column":46},"end":{"line":63,"column":null}},"line":58}},"branchMap":{"0":{"loc":{"start":{"line":9,"column":4},"end":{"line":9,"column":55}},"type":"if","locations":[{"start":{"line":9,"column":4},"end":{"line":9,"column":55}},{"start":{},"end":{}}],"line":9},"1":{"loc":{"start":{"line":18,"column":4},"end":{"line":18,"column":55}},"type":"if","locations":[{"start":{"line":18,"column":4},"end":{"line":18,"column":55}},{"start":{},"end":{}}],"line":18}},"s":{"0":2,"1":2,"2":2,"3":2,"4":1,"5":1,"6":2,"7":2,"8":1,"9":1,"10":1,"11":1,"12":2,"13":2,"14":1,"15":2,"16":2,"17":2},"f":{"0":2,"1":2,"2":1,"3":2,"4":1,"5":2,"6":2,"7":2},"b":{"0":[1,1],"1":[1,1]},"meta":{"lastBranch":2,"lastFunction":8,"lastStatement":18,"seen":{"s:1:23:1:71":0,"s:2:25:2:67":1,"f:5:22:5:32":0,"s:6:21:8:5":2,"b:9:4:9:55:undefined:undefined:undefined:undefined":0,"s:9:4:9:55":3,"s:9:22:9:55":4,"s:10:4:10:27":5,"f:14:22:14:40":1,"s:15:21:17:5":6,"b:18:4:18:55:undefined:undefined:undefined:undefined":1,"s:18:4:18:55":7,"s:18:22:18:55":8,"s:19:4:19:27":9,"f:23:22:23:41":2,"s:24:21:33:6":10,"s:34:4:34:27":11,"f:38:22:38:46":3,"s:39:21:48:5":12,"s:49:4:49:45":13,"f:49:33:49:34":4,"s:49:39:49:43":14,"f:53:16:53:30":5,"s:54:4:54:61":15,"f:54:29:54:30":6,"s:54:34:54:59":16,"f:58:16:58:33":7,"s:59:4:62:36":17}}}
,"C:\\Users\\aesof\\Medieinstitutet\\04-Devops och testning\\Devops-Grupparbete-7\\scripts\\meeting-view.js": {"path":"C:\\Users\\aesof\\Medieinstitutet\\04-Devops och testning\\Devops-Grupparbete-7\\scripts\\meeting-view.js","statementMap":{"0":{"start":{"line":4,"column":20},"end":{"line":4,"column":58}},"1":{"start":{"line":8,"column":25},"end":{"line":8,"column":60}},"2":{"start":{"line":9,"column":27},"end":{"line":9,"column":68}},"3":{"start":{"line":10,"column":4},"end":{"line":10,"column":76}},"4":{"start":{"line":12,"column":19},"end":{"line":12,"column":51}},"5":{"start":{"line":13,"column":20},"end":{"line":13,"column":62}},"6":{"start":{"line":15,"column":4},"end":{"line":27,"column":5}},"7":{"start":{"line":16,"column":8},"end":{"line":16,"column":43}},"8":{"start":{"line":17,"column":8},"end":{"line":20,"column":11}},"9":{"start":{"line":18,"column":12},"end":{"line":18,"column":67}},"10":{"start":{"line":19,"column":12},"end":{"line":19,"column":44}},"11":{"start":{"line":22,"column":8},"end":{"line":22,"column":41}},"12":{"start":{"line":23,"column":8},"end":{"line":26,"column":11}},"13":{"start":{"line":24,"column":12},"end":{"line":24,"column":62}},"14":{"start":{"line":25,"column":12},"end":{"line":25,"column":44}},"15":{"start":{"line":29,"column":4},"end":{"line":29,"column":34}},"16":{"start":{"line":34,"column":17},"end":{"line":34,"column":47}},"17":{"start":{"line":35,"column":14},"end":{"line":35,"column":24}},"18":{"start":{"line":37,"column":4},"end":{"line":37,"column":38}},"19":{"start":{"line":39,"column":16},"end":{"line":39,"column":45}},"20":{"start":{"line":40,"column":4},"end":{"line":40,"column":22}},"21":{"start":{"line":42,"column":18},"end":{"line":42,"column":46}},"22":{"start":{"line":43,"column":4},"end":{"line":43,"column":32}},"23":{"start":{"line":45,"column":20},"end":{"line":45,"column":49}},"24":{"start":{"line":46,"column":4},"end":{"line":46,"column":84}},"25":{"start":{"line":48,"column":21},"end":{"line":48,"column":50}},"26":{"start":{"line":49,"column":4},"end":{"line":49,"column":58}},"27":{"start":{"line":51,"column":24},"end":{"line":51,"column":51}},"28":{"start":{"line":52,"column":4},"end":{"line":52,"column":44}},"29":{"start":{"line":54,"column":27},"end":{"line":54,"column":56}},"30":{"start":{"line":55,"column":4},"end":{"line":55,"column":41}},"31":{"start":{"line":57,"column":4},"end":{"line":57,"column":76}}},"fnMap":{"0":{"name":"renderParticipantDiv","decl":{"start":{"line":7,"column":22},"end":{"line":7,"column":42}},"loc":{"start":{"line":7,"column":54},"end":{"line":30,"column":1}},"line":7},"1":{"name":"(anonymous_1)","decl":{"start":{"line":17,"column":41},"end":{"line":17,"column":46}},"loc":{"start":{"line":17,"column":53},"end":{"line":20,"column":9}},"line":17},"2":{"name":"(anonymous_2)","decl":{"start":{"line":23,"column":41},"end":{"line":23,"column":46}},"loc":{"start":{"line":23,"column":53},"end":{"line":26,"column":9}},"line":23},"3":{"name":"renderMeetingDom","decl":{"start":{"line":33,"column":16},"end":{"line":33,"column":32}},"loc":{"start":{"line":33,"column":42},"end":{"line":58,"column":null}},"line":33}},"branchMap":{"0":{"loc":{"start":{"line":15,"column":4},"end":{"line":27,"column":5}},"type":"if","locations":[{"start":{"line":15,"column":4},"end":{"line":27,"column":5}},{"start":{"line":21,"column":11},"end":{"line":27,"column":5}}],"line":15}},"s":{"0":1,"1":0,"2":0,"3":0,"4":0,"5":0,"6":0,"7":0,"8":0,"9":0,"10":0,"11":0,"12":0,"13":0,"14":0,"15":0,"16":1,"17":1,"18":1,"19":1,"20":1,"21":1,"22":1,"23":1,"24":1,"25":1,"26":1,"27":1,"28":1,"29":1,"30":1,"31":1},"f":{"0":0,"1":0,"2":0,"3":1},"b":{"0":[0,0]},"meta":{"lastBranch":1,"lastFunction":4,"lastStatement":32,"seen":{"s:4:20:4:58":0,"f:7:22:7:42":0,"s:8:25:8:60":1,"s:9:27:9:68":2,"s:10:4:10:76":3,"s:12:19:12:51":4,"s:13:20:13:62":5,"b:15:4:27:5:21:11:27:5":0,"s:15:4:27:5":6,"s:16:8:16:43":7,"s:17:8:20:11":8,"f:17:41:17:46":1,"s:18:12:18:67":9,"s:19:12:19:44":10,"s:22:8:22:41":11,"s:23:8:26:11":12,"f:23:41:23:46":2,"s:24:12:24:62":13,"s:25:12:25:44":14,"s:29:4:29:34":15,"f:33:16:33:32":3,"s:34:17:34:47":16,"s:35:14:35:24":17,"s:37:4:37:38":18,"s:39:16:39:45":19,"s:40:4:40:22":20,"s:42:18:42:46":21,"s:43:4:43:32":22,"s:45:20:45:49":23,"s:46:4:46:84":24,"s:48:21:48:50":25,"s:49:4:49:58":26,"s:51:24:51:51":27,"s:52:4:52:44":28,"s:54:27:54:56":29,"s:55:4:55:41":30,"s:57:4:57:76":31}}}
}
